<?xml version="1.0" encoding="UTF-8"?>
<!-- Generated by org.testng.reporters.JUnitReportReporter -->
<testsuite skipped="0" hostname="ws-43" name="appiumdemo.ub.appium.FacebookHomeTest" tests="1" failures="0" timestamp="30 Oct 2017 09:47:14 GMT" time="2.531" errors="0">
  <testcase name="facbookHomeTest" time="2.531" classname="appiumdemo.ub.appium.FacebookHomeTest"/>
</testsuite> <!-- appiumdemo.ub.appium.FacebookHomeTest -->
