<?xml version="1.0" encoding="UTF-8"?>
<!-- Generated by org.testng.reporters.JUnitReportReporter -->
<testsuite skipped="0" hostname="ws-43" name="appiumdemo.ub.appium.FacebookLoginTest" tests="1" failures="0" timestamp="30 Oct 2017 09:48:39 GMT" time="14.436" errors="0">
  <testcase name="verifyFacebookLoginTest" time="14.436" classname="appiumdemo.ub.appium.FacebookLoginTest"/>
</testsuite> <!-- appiumdemo.ub.appium.FacebookLoginTest -->
