<?xml version="1.0" encoding="UTF-8"?>
<!-- Generated by org.testng.reporters.JUnitReportReporter -->
<testsuite skipped="0" hostname="ws-43" name="appiumdemo.ub.appium.AppiumGoogleTest" tests="1" failures="0" timestamp="25 Oct 2017 07:01:49 GMT" time="21.552" errors="0">
  <testcase name="verifyGoogleTest" time="21.552" classname="appiumdemo.ub.appium.AppiumGoogleTest"/>
</testsuite> <!-- appiumdemo.ub.appium.AppiumGoogleTest -->
