<?xml version="1.0" encoding="UTF-8"?>
<!-- Generated by org.testng.reporters.JUnitReportReporter -->
<testsuite skipped="0" hostname="ws-43" name="appiumdemo.ub.appium.FacebookTest" tests="1" failures="0" timestamp="25 Oct 2017 08:09:46 GMT" time="3.220" errors="0">
  <testcase name="facbookTest" time="3.220" classname="appiumdemo.ub.appium.FacebookTest"/>
</testsuite> <!-- appiumdemo.ub.appium.FacebookTest -->
