<?xml version="1.0" encoding="UTF-8"?>
<!-- Generated by org.testng.reporters.JUnitReportReporter -->
<testsuite skipped="0" hostname="ws-43" name="appiumdemo.ub.appium.FacebookCreateAccountTest" tests="1" failures="0" timestamp="30 Oct 2017 09:47:14 GMT" time="58.003" errors="0">
  <testcase name="createAccountTest" time="58.003" classname="appiumdemo.ub.appium.FacebookCreateAccountTest"/>
</testsuite> <!-- appiumdemo.ub.appium.FacebookCreateAccountTest -->
